Started GET "/search?q=test" for 172.25.0.1 at 2025-12-01 17:59:01 +0000
  [1m[35m (3.9ms)[0m  [1m[35mCREATE TABLE "schema_migrations" ("version" varchar NOT NULL PRIMARY KEY) /*application='SearchEngineApi'*/[0m
  [1m[35m (0.2ms)[0m  [1m[35mCREATE TABLE "ar_internal_metadata" ("key" varchar NOT NULL PRIMARY KEY, "value" varchar, "created_at" datetime(6) NOT NULL, "updated_at" datetime(6) NOT NULL) /*application='SearchEngineApi'*/[0m
  [1m[36mActiveRecord::SchemaMigration Load (0.2ms)[0m  [1m[34mSELECT "schema_migrations"."version" FROM "schema_migrations" ORDER BY "schema_migrations"."version" ASC /*application='SearchEngineApi'*/[0m
  
ActionController::RoutingError (No route matches [GET] "/search"):
  
Started GET "/search?q=test" for 172.25.0.1 at 2025-12-01 17:59:18 +0000
  
ActionController::RoutingError (No route matches [GET] "/search"):
  
Started GET "/search?q=test" for 172.25.0.1 at 2025-12-01 17:59:31 +0000
  [1m[36mActiveRecord::SchemaMigration Load (0.5ms)[0m  [1m[34mSELECT "schema_migrations"."version" FROM "schema_migrations" ORDER BY "schema_migrations"."version" ASC /*application='SearchEngineApi'*/[0m
  
ActionController::RoutingError (No route matches [GET] "/search"):
  
Started GET "/search?q=test" for 172.25.0.1 at 2025-12-01 18:00:05 +0000
  
ActionController::RoutingError (No route matches [GET] "/search"):
  
Started GET "/search?q=test" for 172.25.0.1 at 2025-12-01 18:01:49 +0000
  [1m[36mActiveRecord::SchemaMigration Load (0.5ms)[0m  [1m[34mSELECT "schema_migrations"."version" FROM "schema_migrations" ORDER BY "schema_migrations"."version" ASC /*application='SearchEngineApi'*/[0m
Processing by SearchController#index as */*
  Parameters: {"q" => "test"}
Completed 204 No Content in 6ms (ActiveRecord: 0.0ms (0 queries, 0 cached) | GC: 0.0ms)


Started GET "/search?q=test" for 172.25.0.1 at 2025-12-01 18:01:54 +0000
Processing by SearchController#index as HTML
  Parameters: {"q" => "test"}
Completed 204 No Content in 2ms (ActiveRecord: 0.0ms (0 queries, 0 cached) | GC: 0.0ms)


Started GET "/search?q=test" for 172.25.0.1 at 2025-12-01 18:01:55 +0000
Processing by SearchController#index as HTML
  Parameters: {"q" => "test"}
Completed 204 No Content in 3ms (ActiveRecord: 0.0ms (0 queries, 0 cached) | GC: 0.0ms)


Started GET "/search?q=test" for 172.25.0.1 at 2025-12-01 18:01:56 +0000
Processing by SearchController#index as HTML
  Parameters: {"q" => "test"}
Completed 204 No Content in 3ms (ActiveRecord: 0.0ms (0 queries, 0 cached) | GC: 0.0ms)


Started GET "/search?q=test" for 172.25.0.1 at 2025-12-01 18:02:24 +0000
Processing by SearchController#index as */*
  Parameters: {"q" => "test"}
Completed 200 OK in 4ms (Views: 0.3ms | ActiveRecord: 0.0ms (0 queries, 0 cached) | GC: 0.0ms)


Started GET "/search?q=test" for 172.25.0.1 at 2025-12-01 18:02:59 +0000
Processing by SearchController#index as HTML
  Parameters: {"q" => "test"}
Completed 200 OK in 6ms (Views: 0.5ms | ActiveRecord: 0.0ms (0 queries, 0 cached) | GC: 0.0ms)


Started GET "/favicon.ico" for 172.25.0.1 at 2025-12-01 18:02:59 +0000
  
ActionController::RoutingError (No route matches [GET] "/favicon.ico"):
  
Started GET "/search?q=computer" for 172.25.0.1 at 2025-12-01 18:08:44 +0000
Processing by SearchController#index as */*
  Parameters: {"q" => "computer"}
Completed 204 No Content in 7ms (ActiveRecord: 0.0ms (0 queries, 0 cached) | GC: 0.0ms)


Started GET "/search?q=computer" for 172.25.0.1 at 2025-12-01 18:09:01 +0000
Processing by SearchController#index as HTML
  Parameters: {"q" => "computer"}
Completed 204 No Content in 3ms (ActiveRecord: 0.0ms (0 queries, 0 cached) | GC: 0.0ms)


Started GET "/search?q=computer" for 172.25.0.1 at 2025-12-01 18:09:13 +0000
Processing by SearchController#index as HTML
  Parameters: {"q" => "computer"}
Completed 204 No Content in 2ms (ActiveRecord: 0.0ms (0 queries, 0 cached) | GC: 0.0ms)


Started GET "/search?q=computer" for 172.25.0.1 at 2025-12-01 18:10:30 +0000
  [1m[36mActiveRecord::SchemaMigration Load (0.6ms)[0m  [1m[34mSELECT "schema_migrations"."version" FROM "schema_migrations" ORDER BY "schema_migrations"."version" ASC /*application='SearchEngineApi'*/[0m
Processing by SearchController#index as */*
  Parameters: {"q" => "computer"}
  Rendering search/index.html.erb
  Rendered search/index.html.erb (Duration: 0.9ms | GC: 0.0ms)
Completed 200 OK in 18ms (Views: 4.2ms | ActiveRecord: 0.0ms (0 queries, 0 cached) | GC: 0.0ms)


Started GET "/search?q=computer" for 172.25.0.1 at 2025-12-01 18:10:34 +0000
Processing by SearchController#index as HTML
  Parameters: {"q" => "computer"}
  Rendering search/index.html.erb
  Rendered search/index.html.erb (Duration: 0.1ms | GC: 0.0ms)
Completed 200 OK in 3ms (Views: 0.4ms | ActiveRecord: 0.0ms (0 queries, 0 cached) | GC: 0.0ms)


Started GET "/search?q=computer" for 172.25.0.1 at 2025-12-01 18:10:41 +0000
Processing by SearchController#index as HTML
  Parameters: {"q" => "computer"}
  Rendering search/index.html.erb
  Rendered search/index.html.erb (Duration: 0.6ms | GC: 0.0ms)
Completed 200 OK in 5ms (Views: 2.2ms | ActiveRecord: 0.0ms (0 queries, 0 cached) | GC: 0.0ms)


Started GET "/search?q=comput" for 172.25.0.1 at 2025-12-01 18:10:44 +0000
Processing by SearchController#index as HTML
  Parameters: {"q" => "comput"}
  Rendering search/index.html.erb
  Rendered search/index.html.erb (Duration: 0.1ms | GC: 0.0ms)
Completed 200 OK in 5ms (Views: 0.5ms | ActiveRecord: 0.0ms (0 queries, 0 cached) | GC: 0.0ms)


Started GET "/search?q=computer" for 172.25.0.1 at 2025-12-01 18:10:47 +0000
Processing by SearchController#index as HTML
  Parameters: {"q" => "computer"}
  Rendering search/index.html.erb
  Rendered search/index.html.erb (Duration: 0.5ms | GC: 0.0ms)
Completed 200 OK in 4ms (Views: 1.3ms | ActiveRecord: 0.0ms (0 queries, 0 cached) | GC: 0.0ms)


